0 info it worked if it ends with ok
1 verbose cli [ 'C:\\Program Files\\nodejs\\node.exe',
1 verbose cli   'C:\\Users\\YouchraLand\\AppData\\Roaming\\npm\\node_modules\\npm\\bin\\npm-cli.js',
1 verbose cli   'start' ]
2 info using npm@3.8.2
3 info using node@v4.4.3
4 verbose run-script [ 'prestart', 'start', 'poststart' ]
5 info lifecycle GameAPP@0.0.1~prestart: GameAPP@0.0.1
6 silly lifecycle GameAPP@0.0.1~prestart: no script for prestart, continuing
7 info lifecycle GameAPP@0.0.1~start: GameAPP@0.0.1
8 verbose lifecycle GameAPP@0.0.1~start: unsafe-perm in lifecycle true
9 verbose lifecycle GameAPP@0.0.1~start: PATH: C:\Users\YouchraLand\AppData\Roaming\npm\node_modules\npm\bin\node-gyp-bin;E:\web\Onsen UI\GameAPP\node_modules\.bin;C:\Program Files\nodejs;C:\Users\YouchraLand\bin;C:\Program Files (x86)\Git\mingw64\bin;C:\Program Files (x86)\Git\usr\local\bin;C:\Program Files (x86)\Git\usr\bin;C:\Program Files (x86)\Git\usr\bin;C:\Program Files (x86)\Git\mingw64\bin;C:\Program Files (x86)\Git\usr\bin;C:\Users\YouchraLand\bin;C:\Program Files (x86)\NVIDIA Corporation\PhysX\Common;C:\ProgramData\Oracle\Java\javapath;C:\Program Files (x86)\Intel\iCLS Client;C:\Program Files\Intel\iCLS Client;C:\WINDOWS\system32;C:\WINDOWS;C:\WINDOWS\System32\Wbem;C:\WINDOWS\System32\WindowsPowerShell\v1.0;C:\Program Files\Intel\Intel(R) Management Engine Components\DAL;C:\Program Files (x86)\Intel\Intel(R) Management Engine Components\DAL;C:\Program Files\Intel\Intel(R) Management Engine Components\IPT;C:\Program Files (x86)\Intel\Intel(R) Management Engine Components\IPT;C:\Program Files (x86)\ATI Technologies\ATI.ACE\Core-Static;C:\Program Files (x86)\Livestreamer;E:\php;C:\ProgramData\ComposerSetup\bin;E:\instantReality\bin;C:\Program Files (x86)\Windows Live\Shared;E:\skype\Phone;C:\Program Files\nodejs;C:\Program Files (x86)\Git\cmd;C:\Users\YouchraLand\AppData\Local\atom\bin;C:\Users\YouchraLand\AppData\Local\atom\bin;E:\maven\apache-maven-3.3.9\bin;C:\Program Files\Java\jdk1.8.0_65\bin;C:\Users\YouchraLand\AppData\Roaming\npm;E:\Microsoft VS Code\bin;C:\Program Files\Docker Toolbox;C:\Program Files (x86)\Git\usr\bin\vendor_perl;C:\Program Files (x86)\Git\usr\bin\core_perl
10 verbose lifecycle GameAPP@0.0.1~start: CWD: E:\web\Onsen UI\GameAPP
11 silly lifecycle GameAPP@0.0.1~start: Args: [ '/d /s /c', 'node gulp-run.js' ]
12 silly lifecycle GameAPP@0.0.1~start: Returned: code: 1  signal: null
13 info lifecycle GameAPP@0.0.1~start: Failed to exec start script
14 verbose stack Error: GameAPP@0.0.1 start: `node gulp-run.js`
14 verbose stack Exit status 1
14 verbose stack     at EventEmitter.<anonymous> (C:\Users\YouchraLand\AppData\Roaming\npm\node_modules\npm\lib\utils\lifecycle.js:239:16)
14 verbose stack     at emitTwo (events.js:87:13)
14 verbose stack     at EventEmitter.emit (events.js:172:7)
14 verbose stack     at ChildProcess.<anonymous> (C:\Users\YouchraLand\AppData\Roaming\npm\node_modules\npm\lib\utils\spawn.js:24:14)
14 verbose stack     at emitTwo (events.js:87:13)
14 verbose stack     at ChildProcess.emit (events.js:172:7)
14 verbose stack     at maybeClose (internal/child_process.js:827:16)
14 verbose stack     at Process.ChildProcess._handle.onexit (internal/child_process.js:211:5)
15 verbose pkgid GameAPP@0.0.1
16 verbose cwd E:\web\Onsen UI\GameAPP
17 error Windows_NT 10.0.10586
18 error argv "C:\\Program Files\\nodejs\\node.exe" "C:\\Users\\YouchraLand\\AppData\\Roaming\\npm\\node_modules\\npm\\bin\\npm-cli.js" "start"
19 error node v4.4.3
20 error npm  v3.8.2
21 error code ELIFECYCLE
22 error GameAPP@0.0.1 start: `node gulp-run.js`
22 error Exit status 1
23 error Failed at the GameAPP@0.0.1 start script 'node gulp-run.js'.
23 error Make sure you have the latest version of node.js and npm installed.
23 error If you do, this is most likely a problem with the GameAPP package,
23 error not with npm itself.
23 error Tell the author that this fails on your system:
23 error     node gulp-run.js
23 error You can get information on how to open an issue for this project with:
23 error     npm bugs GameAPP
23 error Or if that isn't available, you can get their info via:
23 error     npm owner ls GameAPP
23 error There is likely additional logging output above.
24 verbose exit [ 1, true ]
